
> vibe-generated-app@1.0.0 dev
> vite


  VITE v5.4.20  ready in 254 ms

  ➜  Local:   http://localhost:3000/
  ➜  Network: http://172.20.4.1:3000/
8:36:44 PM [vite] Pre-transform error: Transform failed with 1 error:
/home/workspace/src/components/EcoHero.jsx:16:43: ERROR: Expected "{" but found "\\"
8:36:45 PM [vite] Internal server error: Transform failed with 1 error:
/home/workspace/src/components/EcoHero.jsx:16:43: ERROR: Expected "{" but found "\\"
  Plugin: vite:esbuild
  File: /home/workspace/src/components/EcoHero.jsx:16:43
  
  Expected "{" but found "\\"
  14 |          </p>
  15 |          <div className="mt-5 grid grid-cols-2 gap-3">
  16 |            <Feature icon={<MapPin className=\"h-4 w-4\" />} label="Xarita" />
     |                                             ^
  17 |            <Feature icon={<Vote className=\"h-4 w-4\" />} label="Ovoz" />
  18 |            <Feature icon={<Trophy className=\"h-4 w-4\" />} label="Mukofotlar" />
  
      at failureErrorWithLog (/home/workspace/node_modules/esbuild/lib/main.js:1472:15)
      at /home/workspace/node_modules/esbuild/lib/main.js:755:50
      at responseCallbacks.<computed> (/home/workspace/node_modules/esbuild/lib/main.js:622:9)
      at handleIncomingPacket (/home/workspace/node_modules/esbuild/lib/main.js:677:12)
      at Socket.readFromStdout (/home/workspace/node_modules/esbuild/lib/main.js:600:7)
      at Socket.emit (node:events:508:28)
      at addChunk (node:internal/streams/readable:559:12)
      at readableAddChunkPushByteMode (node:internal/streams/readable:510:3)
      at Readable.push (node:internal/streams/readable:390:5)
      at Pipe.onStreamRead (node:internal/stream_base_commons:189:23)
